{"timestamp":"2025-05-18 03:50:46","level":"info","message":"Loaded command: addwarning","channel":"SYSTEM","user":"BOT"}
{"timestamp":"2025-05-18 03:50:46","level":"info","message":"Loaded command: botinfo","channel":"SYSTEM","user":"BOT"}
{"timestamp":"2025-05-18 03:50:46","level":"info","message":"Loaded command: challenge","channel":"SYSTEM","user":"BOT"}
{"timestamp":"2025-05-18 03:50:46","level":"info","message":"Loaded command: challengealerts","channel":"SYSTEM","user":"BOT"}
{"timestamp":"2025-05-18 03:50:46","level":"info","message":"Loaded command: clearwarnings","channel":"SYSTEM","user":"BOT"}
{"timestamp":"2025-05-18 03:50:46","level":"info","message":"Loaded command: debugreminder","channel":"SYSTEM","user":"BOT"}
{"timestamp":"2025-05-18 03:50:46","level":"info","message":"Loaded command: deletechallenge","channel":"SYSTEM","user":"BOT"}
{"timestamp":"2025-05-18 03:50:46","level":"info","message":"Loaded command: deletesubmission","channel":"SYSTEM","user":"BOT"}
{"timestamp":"2025-05-18 03:50:46","level":"info","message":"Loaded command: deletewarning","channel":"SYSTEM","user":"BOT"}
{"timestamp":"2025-05-18 03:50:46","level":"info","message":"Loaded command: editwarning","channel":"SYSTEM","user":"BOT"}
{"timestamp":"2025-05-18 03:50:46","level":"info","message":"Loaded command: endvoting","channel":"SYSTEM","user":"BOT"}
{"timestamp":"2025-05-18 03:50:46","level":"info","message":"Loaded command: listchallenges","channel":"SYSTEM","user":"BOT"}
{"timestamp":"2025-05-18 03:50:46","level":"info","message":"Loaded command: listwarnings","channel":"SYSTEM","user":"BOT"}
{"timestamp":"2025-05-18 03:50:46","level":"info","message":"Loaded command: logs","channel":"SYSTEM","user":"BOT"}
{"timestamp":"2025-05-18 03:50:46","level":"info","message":"Loaded command: mysubmissions","channel":"SYSTEM","user":"BOT"}
{"timestamp":"2025-05-18 03:50:46","level":"info","message":"Loaded command: notify","channel":"SYSTEM","user":"BOT"}
{"timestamp":"2025-05-18 03:50:46","level":"info","message":"Loaded command: ping","channel":"SYSTEM","user":"BOT"}
{"timestamp":"2025-05-18 03:50:46","level":"info","message":"Loaded command: roadmap","channel":"SYSTEM","user":"BOT"}
{"timestamp":"2025-05-18 03:50:46","level":"info","message":"Loaded command: startchallenge","channel":"SYSTEM","user":"BOT"}
{"timestamp":"2025-05-18 03:50:46","level":"info","message":"Loaded command: startvoting","channel":"SYSTEM","user":"BOT"}
{"timestamp":"2025-05-18 03:50:46","level":"info","message":"Loaded command: submit","channel":"SYSTEM","user":"BOT"}
{"timestamp":"2025-05-18 03:50:46","level":"info","message":"Loaded command: updatechallenge","channel":"SYSTEM","user":"BOT"}
{"timestamp":"2025-05-18 03:50:46","level":"info","message":"Loaded command: warn","channel":"SYSTEM","user":"BOT"}
{"timestamp":"2025-05-18 03:50:46","level":"info","message":"Loaded command: warnings","channel":"SYSTEM","user":"BOT"}
{"timestamp":"2025-05-18 03:50:47","level":"info","message":"Bot started","channel":"SYSTEM","user":"BOT"}
